Using pre-set license
Built from '2020.3/staging' branch; Version is '2020.3.0f1 (c7b5465681fb) revision 13088070'; Using compiler version '192528614'; Build Type 'Release'
OS: 'Windows 10 Home; OS build 19041.867; Version 2004; 64bit' Language: 'en' Physical Memory: 16229 MB
BatchMode: 1, IsHumanControllingUs: 0, StartBugReporterOnCrash: 0, Is64bit: 1, IsPro: 0

 COMMAND LINE ARGUMENTS:
D:\Unity\2020.3.0f1\Editor\Unity.exe
-adb2
-batchMode
-noUpm
-name
AssetImportWorker1
-projectPath
D:/Repos/Unity/2D_Platformer
-logFile
Logs/AssetImportWorker1.log
-srvPort
56855
Successfully changed project path to: D:/Repos/Unity/2D_Platformer
D:/Repos/Unity/2D_Platformer
Using Asset Import Pipeline V2.
Refreshing native plugins compatible for Editor in 34.51 ms, found 1 plugins.
Preloading 0 native plugins for Editor in 0.00 ms.
Initialize engine version: 2020.3.0f1 (c7b5465681fb)
[Subsystems] Discovering subsystems at path D:/Unity/2020.3.0f1/Editor/Data/Resources/UnitySubsystems
[Subsystems] Discovering subsystems at path D:/Repos/Unity/2D_Platformer/Assets
GfxDevice: creating device client; threaded=0
Direct3D:
    Version:  Direct3D 11.0 [level 11.1]
    Renderer: NVIDIA GeForce GTX 1060 (ID=0x1c20)
    Vendor:   
    VRAM:     6052 MB
    Driver:   27.21.14.6172
Initialize mono
Mono path[0] = 'D:/Unity/2020.3.0f1/Editor/Data/Managed'
Mono path[1] = 'D:/Unity/2020.3.0f1/Editor/Data/MonoBleedingEdge/lib/mono/unityjit'
Mono config path = 'D:/Unity/2020.3.0f1/Editor/Data/MonoBleedingEdge/etc'
Using monoOptions --debugger-agent=transport=dt_socket,embedding=1,server=y,suspend=n,address=127.0.0.1:56836
Begin MonoManager ReloadAssembly
Registering precompiled unity dll's ...
Register platform support module: D:/Unity/2020.3.0f1/Editor/Data/PlaybackEngines/WindowsStandaloneSupport/UnityEditor.WindowsStandalone.Extensions.dll
Registered in 0.001598 seconds.
Native extension for WindowsStandalone target not found
Refreshing native plugins compatible for Editor in 34.52 ms, found 1 plugins.
Preloading 0 native plugins for Editor in 0.00 ms.
Invoked RoslynAnalysisRunner static constructor.
RoslynAnalysisRunner will not be running.
RoslynAnalysisRunner has terminated.
Mono: successfully reloaded assembly
- Completed reload, in  4.257 seconds
Platform modules already initialized, skipping
Registering precompiled user dll's ...
Registered in 0.000802 seconds.
Begin MonoManager ReloadAssembly
Native extension for WindowsStandalone target not found
Refreshing native plugins compatible for Editor in 35.05 ms, found 1 plugins.
Preloading 0 native plugins for Editor in 0.00 ms.
Invoked RoslynAnalysisRunner static constructor.
RoslynAnalysisRunner will not be running.
RoslynAnalysisRunner has terminated.
Mono: successfully reloaded assembly
- Completed reload, in  0.869 seconds
Platform modules already initialized, skipping
========================================================================
Worker process is ready to serve import requests
Launched and connected shader compiler UnityShaderCompiler.exe after 0.05 seconds
Refreshing native plugins compatible for Editor in 0.35 ms, found 1 plugins.
Preloading 0 native plugins for Editor in 0.00 ms.
Unloading 1812 Unused Serialized files (Serialized files now loaded: 0)
System memory in use before: 84.9 MB.
System memory in use after: 84.9 MB.

Unloading 24 unused Assets to reduce memory usage. Loaded Objects now: 2256.
Total: 2.118900 ms (FindLiveObjects: 0.225700 ms CreateObjectMapping: 0.131700 ms MarkObjects: 1.641900 ms  DeleteObjects: 0.118400 ms)

========================================================================
Received Import Request.
  path: Assets/Bandits - Pixel Art/Animations/Light Bandit/LightBandit_AnimController.controller
  artifactKey: Guid(b95265f99b6d90e438df1308a89c8bab) Importer(815301076,1909f56bfc062723c751e8b465ee728b)
Start importing Assets/Bandits - Pixel Art/Animations/Light Bandit/LightBandit_AnimController.controller using Guid(b95265f99b6d90e438df1308a89c8bab) Importer(815301076,1909f56bfc062723c751e8b465ee728b)  -> (artifact id: '18cbc27f23704ca9bf4b7c568f96ad6b') in 0.057339 seconds
  Import took 0.098347 seconds .

========================================================================
Received Prepare
Refreshing native plugins compatible for Editor in 1.48 ms, found 1 plugins.
Preloading 0 native plugins for Editor in 0.00 ms.
Unloading 10 Unused Serialized files (Serialized files now loaded: 0)
System memory in use before: 49.2 MB.
System memory in use after: 49.2 MB.

Unloading 10 unused Assets to reduce memory usage. Loaded Objects now: 2256.
Total: 2.813000 ms (FindLiveObjects: 0.313300 ms CreateObjectMapping: 0.127400 ms MarkObjects: 2.268900 ms  DeleteObjects: 0.101400 ms)

========================================================================
Received Prepare
Registering precompiled user dll's ...
Registered in 0.000838 seconds.
Begin MonoManager ReloadAssembly
Native extension for WindowsStandalone target not found
Refreshing native plugins compatible for Editor in 0.40 ms, found 1 plugins.
Preloading 0 native plugins for Editor in 0.00 ms.
Invoked RoslynAnalysisRunner static constructor.
RoslynAnalysisRunner will not be running.
RoslynAnalysisRunner has terminated.
Mono: successfully reloaded assembly
- Completed reload, in  0.776 seconds
Platform modules already initialized, skipping
Refreshing native plugins compatible for Editor in 0.32 ms, found 1 plugins.
Preloading 0 native plugins for Editor in 0.00 ms.
Unloading 1807 Unused Serialized files (Serialized files now loaded: 0)
System memory in use before: 84.9 MB.
System memory in use after: 84.9 MB.

Unloading 12 unused Assets to reduce memory usage. Loaded Objects now: 2260.
Total: 2.186300 ms (FindLiveObjects: 0.182600 ms CreateObjectMapping: 0.059400 ms MarkObjects: 1.847700 ms  DeleteObjects: 0.095800 ms)

========================================================================
Received Prepare
Registering precompiled user dll's ...
Registered in 0.000858 seconds.
Begin MonoManager ReloadAssembly
Native extension for WindowsStandalone target not found
Refreshing native plugins compatible for Editor in 0.32 ms, found 1 plugins.
Preloading 0 native plugins for Editor in 0.00 ms.
Invoked RoslynAnalysisRunner static constructor.
RoslynAnalysisRunner will not be running.
RoslynAnalysisRunner has terminated.
Mono: successfully reloaded assembly
- Completed reload, in  0.776 seconds
Platform modules already initialized, skipping
Refreshing native plugins compatible for Editor in 0.34 ms, found 1 plugins.
Preloading 0 native plugins for Editor in 0.00 ms.
Unloading 1807 Unused Serialized files (Serialized files now loaded: 0)
System memory in use before: 84.9 MB.
System memory in use after: 84.9 MB.

Unloading 12 unused Assets to reduce memory usage. Loaded Objects now: 2264.
Total: 2.038100 ms (FindLiveObjects: 0.160100 ms CreateObjectMapping: 0.071600 ms MarkObjects: 1.707900 ms  DeleteObjects: 0.097500 ms)

========================================================================
Received Prepare
Registering precompiled user dll's ...
Registered in 0.000853 seconds.
Begin MonoManager ReloadAssembly
Native extension for WindowsStandalone target not found
Refreshing native plugins compatible for Editor in 0.40 ms, found 1 plugins.
Preloading 0 native plugins for Editor in 0.00 ms.
Invoked RoslynAnalysisRunner static constructor.
RoslynAnalysisRunner will not be running.
RoslynAnalysisRunner has terminated.
Mono: successfully reloaded assembly
- Completed reload, in  0.786 seconds
Platform modules already initialized, skipping
Refreshing native plugins compatible for Editor in 0.55 ms, found 1 plugins.
Preloading 0 native plugins for Editor in 0.00 ms.
Unloading 1807 Unused Serialized files (Serialized files now loaded: 0)
System memory in use before: 85.0 MB.
System memory in use after: 85.0 MB.

Unloading 12 unused Assets to reduce memory usage. Loaded Objects now: 2268.
Total: 2.252900 ms (FindLiveObjects: 0.196100 ms CreateObjectMapping: 0.073600 ms MarkObjects: 1.877500 ms  DeleteObjects: 0.104800 ms)

========================================================================
Received Prepare
Registering precompiled user dll's ...
Registered in 0.000905 seconds.
Begin MonoManager ReloadAssembly
Native extension for WindowsStandalone target not found
Refreshing native plugins compatible for Editor in 0.47 ms, found 1 plugins.
Preloading 0 native plugins for Editor in 0.00 ms.
Invoked RoslynAnalysisRunner static constructor.
RoslynAnalysisRunner will not be running.
RoslynAnalysisRunner has terminated.
Mono: successfully reloaded assembly
- Completed reload, in  0.760 seconds
Platform modules already initialized, skipping
Refreshing native plugins compatible for Editor in 0.32 ms, found 1 plugins.
Preloading 0 native plugins for Editor in 0.00 ms.
Unloading 1807 Unused Serialized files (Serialized files now loaded: 0)
System memory in use before: 85.0 MB.
System memory in use after: 85.0 MB.

Unloading 12 unused Assets to reduce memory usage. Loaded Objects now: 2272.
Total: 2.204400 ms (FindLiveObjects: 0.177300 ms CreateObjectMapping: 0.068200 ms MarkObjects: 1.857600 ms  DeleteObjects: 0.100100 ms)

========================================================================
Received Import Request.
  Time since last request: 310.875157 seconds.
  path: Assets/Prephabs/Player.prefab
  artifactKey: Guid(b04d15b1d25469947ba04e97c11cfea5) Importer(815301076,1909f56bfc062723c751e8b465ee728b)
Start importing Assets/Prephabs/Player.prefab using Guid(b04d15b1d25469947ba04e97c11cfea5) Importer(815301076,1909f56bfc062723c751e8b465ee728b)  -> (artifact id: '8032fa63f82e2359bdc43233fe576f74') in 0.218421 seconds
  Import took 0.221447 seconds .

========================================================================
Received Import Request.
  Time since last request: 1.602599 seconds.
  path: Assets/Prephabs/BanditEnemy.prefab
  artifactKey: Guid(b98911ead025183479d5a48596af2d55) Importer(815301076,1909f56bfc062723c751e8b465ee728b)
Start importing Assets/Prephabs/BanditEnemy.prefab using Guid(b98911ead025183479d5a48596af2d55) Importer(815301076,1909f56bfc062723c751e8b465ee728b)  -> (artifact id: '22dd4d135a7a44d3dfe501a9a969b26c') in 0.018632 seconds
  Import took 0.048077 seconds .

========================================================================
Received Import Request.
  Time since last request: 0.002082 seconds.
  path: Assets/Prephabs/BanditEnemy.prefab
  artifactKey: Guid(b98911ead025183479d5a48596af2d55) Importer(815301076,1909f56bfc062723c751e8b465ee728b)
Start importing Assets/Prephabs/BanditEnemy.prefab using Guid(b98911ead025183479d5a48596af2d55) Importer(815301076,1909f56bfc062723c751e8b465ee728b)  -> (artifact id: '22dd4d135a7a44d3dfe501a9a969b26c') in 0.045978 seconds
  Import took 0.048812 seconds .

========================================================================
Received Prepare
Registering precompiled user dll's ...
Registered in 0.000910 seconds.
Begin MonoManager ReloadAssembly
Native extension for WindowsStandalone target not found
Refreshing native plugins compatible for Editor in 0.34 ms, found 1 plugins.
Preloading 0 native plugins for Editor in 0.00 ms.
Invoked RoslynAnalysisRunner static constructor.
RoslynAnalysisRunner will not be running.
RoslynAnalysisRunner has terminated.
Mono: successfully reloaded assembly
- Completed reload, in  0.851 seconds
Platform modules already initialized, skipping
Refreshing native plugins compatible for Editor in 0.31 ms, found 1 plugins.
Preloading 0 native plugins for Editor in 0.00 ms.
Unloading 1807 Unused Serialized files (Serialized files now loaded: 0)
System memory in use before: 88.1 MB.
System memory in use after: 88.1 MB.

Unloading 12 unused Assets to reduce memory usage. Loaded Objects now: 2283.
Total: 2.148000 ms (FindLiveObjects: 0.185900 ms CreateObjectMapping: 0.077100 ms MarkObjects: 1.779400 ms  DeleteObjects: 0.104700 ms)

AssetImportWorkerClient::OnTransportError - code=2 error=End of file
